<?xml version="1.0" encoding="UTF-8"?>
<testsuites name="TS_RegressionTest" time="228" tests="2" failures="1" errors="0">
   <testsuite name="TS_RegressionTest" tests="2" failures="1" errors="0" time="228" timestamp="2018-07-05 14:11:37" hostname="connorreese - ip-10-1-1-17.us-west-2.compute.internal" id="Test Suites/TS_RegressionTest">
      <properties>
         <property name="deviceName" value="samsung SM-J727U (Android 7.0)"/>
         <property name="devicePlatform" value=""/>
         <property name="logFolder" value="/Users/connorreese/Katalon Studio/SampleMobileTestProject1/Reports/TS_RegressionTest/20180705_141136"/>
         <property name="logFiles" value="/Users/connorreese/Katalon Studio/SampleMobileTestProject1/Reports/TS_RegressionTest/20180705_141136/execution0.log, /Users/connorreese/Katalon Studio/SampleMobileTestProject1/Reports/TS_RegressionTest/20180705_141136/appium.log"/>
         <property name="attachments" value=""/>
         <property name="hostName" value="connorreese - ip-10-1-1-17.us-west-2.compute.internal"/>
         <property name="os" value="Mac OS X 64bit"/>
         <property name="katalonVersion" value="5.4.2.1"/>
         <property name="deviceOS" value="Android"/>
         <property name="appiumVersion" value="1.8.1"/>
         <property name="deviceModel" value="SM-J727U"/>
         <property name="hostAddress" value="10.1.1.17"/>
         <property name="deviceManufacturer" value="samsung"/>
         <property name="deviceId" value="330097d69bf6a3e7"/>
         <property name="deviceName" value="samsung SM-J727U (Android 7.0)"/>
         <property name="deviceOSVersion" value="7.0"/>
      </properties>
      <testcase name="Test Cases/successfulLoginTest" classname="Test Cases/successfulLoginTest" status="PASSED">
         <system-out><![CDATA[2018-07-05 14:11:37 - [TEST_CASE][PASSED] - Test Cases/successfulLoginTest: Test Cases/successfulLoginTest

2018-07-05 14:11:37 - [TEST_STEP][PASSED] - startApplication: Started app at: '/Users/connorreese/Downloads/Clip-3.4.0-208-prod-release.apk'

2018-07-05 14:12:27 - [MESSAGE][PASSED] - Started app at: '/Users/connorreese/Downloads/Clip-3.4.0-208-prod-release.apk'

2018-07-05 14:12:27 - [TEST_STEP][PASSED] - tap: Tapped on element 'Object Repository/Application/android.widget.FrameLayout11'

2018-07-05 14:12:27 - [MESSAGE][WARNING] - Timeout '0' is invalid. Using default page load timeout: '30'

2018-07-05 14:12:30 - [MESSAGE][PASSED] - Tapped on element 'Object Repository/Application/android.widget.FrameLayout11'

2018-07-05 14:12:30 - [TEST_STEP][PASSED] - tap: Tapped on element 'Object Repository/Application/TextInputLayout0 - Email'

2018-07-05 14:12:30 - [MESSAGE][WARNING] - Timeout '0' is invalid. Using default page load timeout: '30'

2018-07-05 14:12:31 - [MESSAGE][PASSED] - Tapped on element 'Object Repository/Application/TextInputLayout0 - Email'

2018-07-05 14:12:31 - [TEST_STEP][PASSED] - setText: Text 'connor.reese@payclip.com' has been set to element 'Object Repository/Application/android.widget.EditText0'

2018-07-05 14:12:31 - [MESSAGE][WARNING] - Timeout '0' is invalid. Using default page load timeout: '30'

2018-07-05 14:12:33 - [MESSAGE][PASSED] - Text 'connor.reese@payclip.com' has been set to element 'Object Repository/Application/android.widget.EditText0'

2018-07-05 14:12:33 - [TEST_STEP][PASSED] - tap: Tapped on element 'Object Repository/Application/TextInputLayout1 - Password'

2018-07-05 14:12:33 - [MESSAGE][WARNING] - Timeout '0' is invalid. Using default page load timeout: '30'

2018-07-05 14:12:35 - [MESSAGE][PASSED] - Tapped on element 'Object Repository/Application/TextInputLayout1 - Password'

2018-07-05 14:12:35 - [TEST_STEP][PASSED] - setText: Text 'P@ssw0rd' has been set to element 'Object Repository/Application/android.widget.EditText1'

2018-07-05 14:12:35 - [MESSAGE][WARNING] - Timeout '0' is invalid. Using default page load timeout: '30'

2018-07-05 14:12:36 - [MESSAGE][PASSED] - Text 'P@ssw0rd' has been set to element 'Object Repository/Application/android.widget.EditText1'

2018-07-05 14:12:36 - [TEST_STEP][PASSED] - tap: Tapped on element 'Object Repository/Application/android.widget.TextView0 - Login'

2018-07-05 14:12:36 - [MESSAGE][WARNING] - Timeout '0' is invalid. Using default page load timeout: '30'

2018-07-05 14:12:39 - [MESSAGE][PASSED] - Tapped on element 'Object Repository/Application/android.widget.TextView0 - Login'

2018-07-05 14:12:39 - [TEST_STEP][PASSED] - closeApplication: Close app successfully

2018-07-05 14:12:43 - [MESSAGE][PASSED] - Close app successfully]]></system-out>
         <system-err><![CDATA[]]></system-err>
      </testcase>
      <testcase name="Test Cases/failedLoginTest" classname="Test Cases/failedLoginTest" status="PASSED">
         <system-out><![CDATA[2018-07-05 14:12:43 - [TEST_CASE][PASSED] - Test Cases/failedLoginTest: Test Cases/failedLoginTest

2018-07-05 14:12:43 - [TEST_STEP][PASSED] - startApplication: Started app at: '/Users/connorreese/Downloads/Clip-3.4.0-208-prod-release.apk'

2018-07-05 14:13:35 - [MESSAGE][PASSED] - Started app at: '/Users/connorreese/Downloads/Clip-3.4.0-208-prod-release.apk'

2018-07-05 14:13:35 - [TEST_STEP][PASSED] - tap: Tapped on element 'Object Repository/Application/android.widget.FrameLayout11 (1)'

2018-07-05 14:13:35 - [MESSAGE][WARNING] - Timeout '0' is invalid. Using default page load timeout: '30'

2018-07-05 14:13:37 - [MESSAGE][PASSED] - Tapped on element 'Object Repository/Application/android.widget.FrameLayout11 (1)'

2018-07-05 14:13:37 - [TEST_STEP][PASSED] - tap: Tapped on element 'Object Repository/Application/android.widget.EditText0 (1)'

2018-07-05 14:13:37 - [MESSAGE][WARNING] - Timeout '0' is invalid. Using default page load timeout: '30'

2018-07-05 14:13:39 - [MESSAGE][PASSED] - Tapped on element 'Object Repository/Application/android.widget.EditText0 (1)'

2018-07-05 14:13:39 - [TEST_STEP][PASSED] - setText: Text 'john doe' has been set to element 'Object Repository/Application/android.widget.EditText0 (2)'

2018-07-05 14:13:39 - [MESSAGE][WARNING] - Timeout '0' is invalid. Using default page load timeout: '30'

2018-07-05 14:13:40 - [MESSAGE][PASSED] - Text 'john doe' has been set to element 'Object Repository/Application/android.widget.EditText0 (2)'

2018-07-05 14:13:40 - [TEST_STEP][PASSED] - tap: Tapped on element 'Object Repository/Application/android.widget.EditText1 (1)'

2018-07-05 14:13:40 - [MESSAGE][WARNING] - Timeout '0' is invalid. Using default page load timeout: '30'

2018-07-05 14:13:42 - [MESSAGE][PASSED] - Tapped on element 'Object Repository/Application/android.widget.EditText1 (1)'

2018-07-05 14:13:42 - [TEST_STEP][PASSED] - setText: Text 'meh' has been set to element 'Object Repository/Application/android.widget.EditText1 (2)'

2018-07-05 14:13:42 - [MESSAGE][WARNING] - Timeout '0' is invalid. Using default page load timeout: '30'

2018-07-05 14:13:43 - [MESSAGE][PASSED] - Text 'meh' has been set to element 'Object Repository/Application/android.widget.EditText1 (2)'

2018-07-05 14:13:43 - [TEST_STEP][PASSED] - tap: Tapped on element 'Object Repository/Application/android.widget.ImageButton0'

2018-07-05 14:13:43 - [MESSAGE][WARNING] - Timeout '0' is invalid. Using default page load timeout: '30'

2018-07-05 14:13:45 - [MESSAGE][PASSED] - Tapped on element 'Object Repository/Application/android.widget.ImageButton0'

2018-07-05 14:13:45 - [TEST_STEP][PASSED] - tap: Tapped on element 'Object Repository/Application/android.widget.TextView0 - Login (1)'

2018-07-05 14:13:45 - [MESSAGE][WARNING] - Timeout '0' is invalid. Using default page load timeout: '30'

2018-07-05 14:13:47 - [MESSAGE][PASSED] - Tapped on element 'Object Repository/Application/android.widget.TextView0 - Login (1)'

2018-07-05 14:13:47 - [TEST_STEP][PASSED] - closeApplication: Close app successfully

2018-07-05 14:13:51 - [MESSAGE][PASSED] - Close app successfully]]></system-out>
         <system-err><![CDATA[]]></system-err>
      </testcase>
      <testcase name="Test Cases/terminalFuctionality" classname="Test Cases/terminalFuctionality" status="FAILED">
         <failure type="FAILED" message="Unable to accept alert (Root cause: com.kms.katalon.core.webui.exception.BrowserNotOpenedException: Browser is not opened
Build info: version: '3.7.1', revision: '8a0099a', time: '2017-11-06T21:07:36.161Z'
System info: host: 'Connors-MacBook-Pro.local', ip: '10.1.1.17', os.name: 'Mac OS X', os.arch: 'x86_64', os.version: '10.13.4', java.version: '1.8.0_102'
Driver info: driver.version: unknown)"/>
         <system-out><![CDATA[2018-07-05 14:13:51 - [TEST_CASE][FAILED] - Test Cases/terminalFuctionality: Test Cases/terminalFuctionality FAILED because (of) Unable to accept alert (Root cause: com.kms.katalon.core.webui.exception.BrowserNotOpenedException: Browser is not opened
Build info: version: '3.7.1', revision: '8a0099a', time: '2017-11-06T21:07:36.161Z'
System info: host: 'Connors-MacBook-Pro.local', ip: '10.1.1.17', os.name: 'Mac OS X', os.arch: 'x86_64', os.version: '10.13.4', java.version: '1.8.0_102'
Driver info: driver.version: unknown)

2018-07-05 14:13:51 - [TEST_STEP][PASSED] - startApplication: Started app at: '/Users/connorreese/Downloads/Clip-3.4.0-208-prod-release.apk'

2018-07-05 14:14:41 - [MESSAGE][PASSED] - Started app at: '/Users/connorreese/Downloads/Clip-3.4.0-208-prod-release.apk'

2018-07-05 14:14:41 - [TEST_STEP][PASSED] - tap: Tapped on element 'Object Repository/Application/android.widget.FrameLayout11'

2018-07-05 14:14:41 - [MESSAGE][WARNING] - Timeout '0' is invalid. Using default page load timeout: '30'

2018-07-05 14:14:43 - [MESSAGE][PASSED] - Tapped on element 'Object Repository/Application/android.widget.FrameLayout11'

2018-07-05 14:14:43 - [TEST_STEP][PASSED] - tap: Tapped on element 'Object Repository/Application/TextInputLayout0 - Email'

2018-07-05 14:14:43 - [MESSAGE][WARNING] - Timeout '0' is invalid. Using default page load timeout: '30'

2018-07-05 14:14:45 - [MESSAGE][PASSED] - Tapped on element 'Object Repository/Application/TextInputLayout0 - Email'

2018-07-05 14:14:45 - [TEST_STEP][PASSED] - setText: Text 'connor.reese@payclip.com' has been set to element 'Object Repository/Application/android.widget.EditText0'

2018-07-05 14:14:45 - [MESSAGE][WARNING] - Timeout '0' is invalid. Using default page load timeout: '30'

2018-07-05 14:14:46 - [MESSAGE][PASSED] - Text 'connor.reese@payclip.com' has been set to element 'Object Repository/Application/android.widget.EditText0'

2018-07-05 14:14:46 - [TEST_STEP][PASSED] - tap: Tapped on element 'Object Repository/Application/TextInputLayout1 - Password'

2018-07-05 14:14:46 - [MESSAGE][WARNING] - Timeout '0' is invalid. Using default page load timeout: '30'

2018-07-05 14:14:48 - [MESSAGE][PASSED] - Tapped on element 'Object Repository/Application/TextInputLayout1 - Password'

2018-07-05 14:14:48 - [TEST_STEP][PASSED] - setText: Text 'P@ssw0rd' has been set to element 'Object Repository/Application/android.widget.EditText1'

2018-07-05 14:14:48 - [MESSAGE][WARNING] - Timeout '0' is invalid. Using default page load timeout: '30'

2018-07-05 14:14:49 - [MESSAGE][PASSED] - Text 'P@ssw0rd' has been set to element 'Object Repository/Application/android.widget.EditText1'

2018-07-05 14:14:49 - [TEST_STEP][PASSED] - tap: Tapped on element 'Object Repository/Application/android.widget.TextView0 - Login'

2018-07-05 14:14:49 - [MESSAGE][WARNING] - Timeout '0' is invalid. Using default page load timeout: '30'

2018-07-05 14:14:52 - [MESSAGE][PASSED] - Tapped on element 'Object Repository/Application/android.widget.TextView0 - Login'

2018-07-05 14:14:52 - [TEST_STEP][PASSED] - tap: Tapped on element 'Object Repository/Terminal/android.widget.Button3 - 4'

2018-07-05 14:14:52 - [MESSAGE][WARNING] - Timeout '0' is invalid. Using default page load timeout: '30'

2018-07-05 14:14:53 - [MESSAGE][PASSED] - Tapped on element 'Object Repository/Terminal/android.widget.Button3 - 4'

2018-07-05 14:14:53 - [TEST_STEP][PASSED] - tap: Tapped on element 'Object Repository/Terminal/android.widget.Button2 - 3'

2018-07-05 14:14:53 - [MESSAGE][WARNING] - Timeout '0' is invalid. Using default page load timeout: '30'

2018-07-05 14:14:54 - [MESSAGE][PASSED] - Tapped on element 'Object Repository/Terminal/android.widget.Button2 - 3'

2018-07-05 14:14:54 - [TEST_STEP][PASSED] - tap: Tapped on element 'Object Repository/Terminal/android.widget.Button5 - 6'

2018-07-05 14:14:54 - [MESSAGE][WARNING] - Timeout '0' is invalid. Using default page load timeout: '30'

2018-07-05 14:14:58 - [MESSAGE][PASSED] - Tapped on element 'Object Repository/Terminal/android.widget.Button5 - 6'

2018-07-05 14:14:58 - [TEST_STEP][PASSED] - tap: Tapped on element 'Object Repository/Terminal/android.widget.ImageButton0'

2018-07-05 14:14:58 - [MESSAGE][WARNING] - Timeout '0' is invalid. Using default page load timeout: '30'

2018-07-05 14:15:01 - [MESSAGE][PASSED] - Tapped on element 'Object Repository/Terminal/android.widget.ImageButton0'

2018-07-05 14:15:01 - [TEST_STEP][PASSED] - tap: Tapped on element 'Object Repository/Terminal/android.widget.ImageButton0'

2018-07-05 14:15:01 - [MESSAGE][WARNING] - Timeout '0' is invalid. Using default page load timeout: '30'

2018-07-05 14:15:02 - [MESSAGE][PASSED] - Tapped on element 'Object Repository/Terminal/android.widget.ImageButton0'

2018-07-05 14:15:02 - [TEST_STEP][PASSED] - tap: Tapped on element 'Object Repository/Terminal/android.widget.ImageButton0'

2018-07-05 14:15:02 - [MESSAGE][WARNING] - Timeout '0' is invalid. Using default page load timeout: '30'

2018-07-05 14:15:03 - [MESSAGE][PASSED] - Tapped on element 'Object Repository/Terminal/android.widget.ImageButton0'

2018-07-05 14:15:03 - [TEST_STEP][PASSED] - tap: Tapped on element 'Object Repository/Terminal/android.widget.Button5 - 6'

2018-07-05 14:15:03 - [MESSAGE][WARNING] - Timeout '0' is invalid. Using default page load timeout: '30'

2018-07-05 14:15:04 - [MESSAGE][PASSED] - Tapped on element 'Object Repository/Terminal/android.widget.Button5 - 6'

2018-07-05 14:15:04 - [TEST_STEP][PASSED] - tap: Tapped on element 'Object Repository/Terminal/android.widget.Button0 - 1'

2018-07-05 14:15:04 - [MESSAGE][WARNING] - Timeout '0' is invalid. Using default page load timeout: '30'

2018-07-05 14:15:05 - [MESSAGE][PASSED] - Tapped on element 'Object Repository/Terminal/android.widget.Button0 - 1'

2018-07-05 14:15:05 - [TEST_STEP][PASSED] - tap: Tapped on element 'Object Repository/Terminal/android.widget.Button2 - 3'

2018-07-05 14:15:05 - [MESSAGE][WARNING] - Timeout '0' is invalid. Using default page load timeout: '30'

2018-07-05 14:15:07 - [MESSAGE][PASSED] - Tapped on element 'Object Repository/Terminal/android.widget.Button2 - 3'

2018-07-05 14:15:07 - [TEST_STEP][PASSED] - tap: Tapped on element 'Object Repository/Terminal/android.widget.Button9 - Clear'

2018-07-05 14:15:07 - [MESSAGE][WARNING] - Timeout '0' is invalid. Using default page load timeout: '30'

2018-07-05 14:15:08 - [MESSAGE][PASSED] - Tapped on element 'Object Repository/Terminal/android.widget.Button9 - Clear'

2018-07-05 14:15:08 - [TEST_STEP][PASSED] - tap: Tapped on element 'Object Repository/Terminal/android.widget.TextView0 - Charge'

2018-07-05 14:15:08 - [MESSAGE][WARNING] - Timeout '0' is invalid. Using default page load timeout: '30'

2018-07-05 14:15:09 - [MESSAGE][PASSED] - Tapped on element 'Object Repository/Terminal/android.widget.TextView0 - Charge'

2018-07-05 14:15:09 - [TEST_STEP][PASSED] - tap: Tapped on element 'Object Repository/Terminal/android.widget.TextView2 - OK'

2018-07-05 14:15:09 - [MESSAGE][WARNING] - Timeout '0' is invalid. Using default page load timeout: '30'

2018-07-05 14:15:12 - [MESSAGE][PASSED] - Tapped on element 'Object Repository/Terminal/android.widget.TextView2 - OK'

2018-07-05 14:15:12 - [TEST_STEP][PASSED] - tap: Tapped on element 'Object Repository/Terminal/android.widget.Button2 - 3'

2018-07-05 14:15:12 - [MESSAGE][WARNING] - Timeout '0' is invalid. Using default page load timeout: '30'

2018-07-05 14:15:13 - [MESSAGE][PASSED] - Tapped on element 'Object Repository/Terminal/android.widget.Button2 - 3'

2018-07-05 14:15:13 - [TEST_STEP][PASSED] - tap: Tapped on element 'Object Repository/Terminal/android.widget.TextView0 - Charge'

2018-07-05 14:15:13 - [MESSAGE][WARNING] - Timeout '0' is invalid. Using default page load timeout: '30'

2018-07-05 14:15:16 - [MESSAGE][PASSED] - Tapped on element 'Object Repository/Terminal/android.widget.TextView0 - Charge'

2018-07-05 14:15:16 - [TEST_STEP][PASSED] - tap: Tapped on element 'Object Repository/Terminal/android.widget.ImageButton0 (1)'

2018-07-05 14:15:16 - [MESSAGE][WARNING] - Timeout '0' is invalid. Using default page load timeout: '30'

2018-07-05 14:15:20 - [MESSAGE][PASSED] - Tapped on element 'Object Repository/Terminal/android.widget.ImageButton0 (1)'

2018-07-05 14:15:20 - [TEST_STEP][PASSED] - closeApplication: Close app successfully

2018-07-05 14:15:25 - [MESSAGE][PASSED] - Close app successfully

2018-07-05 14:15:25 - [TEST_STEP][FAILED] - acceptAlert: Unable to accept alert (Root cause: com.kms.katalon.core.webui.exception.BrowserNotOpenedException: Browser is not opened
Build info: version: '3.7.1', revision: '8a0099a', time: '2017-11-06T21:07:36.161Z'
System info: host: 'Connors-MacBook-Pro.local', ip: '10.1.1.17', os.name: 'Mac OS X', os.arch: 'x86_64', os.version: '10.13.4', java.version: '1.8.0_102'
Driver info: driver.version: unknown)

2018-07-05 14:15:25 - [MESSAGE][WARNING] - Cannot take screenshot

2018-07-05 14:15:25 - [MESSAGE][FAILED] - Unable to accept alert (Root cause: com.kms.katalon.core.webui.exception.BrowserNotOpenedException: Browser is not opened
Build info: version: '3.7.1', revision: '8a0099a', time: '2017-11-06T21:07:36.161Z'
System info: host: 'Connors-MacBook-Pro.local', ip: '10.1.1.17', os.name: 'Mac OS X', os.arch: 'x86_64', os.version: '10.13.4', java.version: '1.8.0_102'
Driver info: driver.version: unknown)]]></system-out>
         <system-err><![CDATA[2018-07-05 14:13:51 - [TEST_CASE][FAILED] - Test Cases/terminalFuctionality: Test Cases/terminalFuctionality FAILED because (of) Unable to accept alert (Root cause: com.kms.katalon.core.webui.exception.BrowserNotOpenedException: Browser is not opened
Build info: version: '3.7.1', revision: '8a0099a', time: '2017-11-06T21:07:36.161Z'
System info: host: 'Connors-MacBook-Pro.local', ip: '10.1.1.17', os.name: 'Mac OS X', os.arch: 'x86_64', os.version: '10.13.4', java.version: '1.8.0_102'
Driver info: driver.version: unknown)]]></system-err>
      </testcase>
      <system-out><![CDATA[2018-07-05 14:11:37 - [TEST_SUITE][FAILED] - TS_RegressionTest: Test Cases/terminalFuctionality FAILED because (of) Unable to accept alert (Root cause: com.kms.katalon.core.webui.exception.BrowserNotOpenedException: Browser is not opened
Build info: version: '3.7.1', revision: '8a0099a', time: '2017-11-06T21:07:36.161Z'
System info: host: 'Connors-MacBook-Pro.local', ip: '10.1.1.17', os.name: 'Mac OS X', os.arch: 'x86_64', os.version: '10.13.4', java.version: '1.8.0_102'
Driver info: driver.version: unknown)]]></system-out>
      <system-err><![CDATA[2018-07-05 14:11:37 - [TEST_SUITE][FAILED] - TS_RegressionTest: Test Cases/terminalFuctionality FAILED because (of) Unable to accept alert (Root cause: com.kms.katalon.core.webui.exception.BrowserNotOpenedException: Browser is not opened
Build info: version: '3.7.1', revision: '8a0099a', time: '2017-11-06T21:07:36.161Z'
System info: host: 'Connors-MacBook-Pro.local', ip: '10.1.1.17', os.name: 'Mac OS X', os.arch: 'x86_64', os.version: '10.13.4', java.version: '1.8.0_102'
Driver info: driver.version: unknown)]]></system-err>
   </testsuite>
</testsuites>
